<?xml version="1.0" encoding="UTF-8"?>
<!-- Generated by org.testng.reporters.JUnitReportReporter -->
<testsuite hostname="Aarush" failures="0" tests="2" name="ProjectTestCases.Brand" time="21.335" errors="0" timestamp="2024-04-06T16:28:01 IST" skipped="0">
  <testcase classname="ProjectTestCases.Brand" name="addBrand" time="13.134"/>
  <system-out/>
  <testcase classname="ProjectTestCases.Brand" name="searchBrand" time="8.201"/>
  <system-out/>
</testsuite> <!-- ProjectTestCases.Brand -->
