<?xml version="1.0" encoding="UTF-8"?>
<!-- Generated by org.testng.reporters.JUnitReportReporter -->
<testsuite hostname="Aarush" failures="0" tests="2" name="ProjectTestCases.Unit" time="33.848" errors="0" timestamp="2024-04-06T16:28:01 IST" skipped="0">
  <testcase classname="ProjectTestCases.Unit" name="addUnit" time="18.650"/>
  <system-out/>
  <testcase classname="ProjectTestCases.Unit" name="searchUnit" time="15.198"/>
  <system-out/>
</testsuite> <!-- ProjectTestCases.Unit -->
