<?xml version="1.0" encoding="UTF-8"?>
<!-- Generated by org.testng.reporters.JUnitReportReporter -->
<testsuite hostname="Aarush" failures="0" tests="2" name="ProjectTestCases.Product" time="54.854" errors="0" timestamp="2024-04-05T23:56:00 IST" skipped="0">
  <testcase classname="ProjectTestCases.Product" name="addProduct" time="39.565"/>
  <system-out/>
  <testcase classname="ProjectTestCases.Product" name="searchProduct" time="15.289"/>
  <system-out/>
</testsuite> <!-- ProjectTestCases.Product -->
