<?xml version="1.0" encoding="UTF-8"?>
<!-- Generated by org.testng.reporters.JUnitReportReporter -->
<testsuite hostname="Aarush" failures="0" tests="2" name="ProjectTestCases.Login" time="5.731" errors="0" timestamp="2024-04-05T23:56:00 IST" skipped="0">
  <testcase classname="ProjectTestCases.Login" name="invalidLogin" time="0.969"/>
  <system-out/>
  <testcase classname="ProjectTestCases.Login" name="Login" time="4.762"/>
  <system-out/>
</testsuite> <!-- ProjectTestCases.Login -->
