<?xml version="1.0" encoding="UTF-8"?>
<!-- Generated by org.testng.reporters.JUnitReportReporter -->
<testsuite hostname="Aarush" failures="0" tests="2" name="ProjectTestCases.Brand" time="20.322" errors="0" timestamp="2024-04-05T23:56:00 IST" skipped="0">
  <testcase classname="ProjectTestCases.Brand" name="addBrand" time="13.099"/>
  <system-out/>
  <testcase classname="ProjectTestCases.Brand" name="searchBrand" time="7.223"/>
  <system-out/>
</testsuite> <!-- ProjectTestCases.Brand -->
