<?xml version="1.0" encoding="UTF-8"?>
<!-- Generated by org.testng.reporters.JUnitReportReporter -->
<testsuite hostname="Aarush" failures="0" tests="2" name="ProjectTestCases.Unit" time="34.442" errors="0" timestamp="2024-04-05T23:56:00 IST" skipped="0">
  <testcase classname="ProjectTestCases.Unit" name="addUnit" time="19.047"/>
  <system-out/>
  <testcase classname="ProjectTestCases.Unit" name="searchUnit" time="15.395"/>
  <system-out/>
</testsuite> <!-- ProjectTestCases.Unit -->
