<?xml version="1.0" encoding="UTF-8"?>
<!-- Generated by org.testng.reporters.JUnitReportReporter -->
<testsuite hostname="Aarush" failures="0" tests="2" name="ProjectTestCases.Login" time="5.594" errors="0" timestamp="2024-04-06T16:28:01 IST" skipped="0">
  <testcase classname="ProjectTestCases.Login" name="invalidLogin" time="0.931"/>
  <system-out/>
  <testcase classname="ProjectTestCases.Login" name="Login" time="4.663"/>
  <system-out/>
</testsuite> <!-- ProjectTestCases.Login -->
