<?xml version="1.0" encoding="UTF-8"?>
<!-- Generated by org.testng.reporters.JUnitReportReporter -->
<testsuite hostname="Aarush" failures="0" tests="2" name="ProjectTestCases.Category" time="32.648" errors="0" timestamp="2024-04-05T23:56:00 IST" skipped="0">
  <testcase classname="ProjectTestCases.Category" name="addCategory" time="18.211"/>
  <system-out/>
  <testcase classname="ProjectTestCases.Category" name="searchCategory" time="14.437"/>
  <system-out/>
</testsuite> <!-- ProjectTestCases.Category -->
