<?xml version="1.0" encoding="UTF-8"?>
<!-- Generated by org.testng.reporters.JUnitReportReporter -->
<testsuite hostname="Aarush" failures="0" tests="2" name="ProjectTestCases.Product" time="53.200" errors="0" timestamp="2024-04-06T16:28:01 IST" skipped="0">
  <testcase classname="ProjectTestCases.Product" name="addProduct" time="37.979"/>
  <system-out/>
  <testcase classname="ProjectTestCases.Product" name="searchProduct" time="15.221"/>
  <system-out/>
</testsuite> <!-- ProjectTestCases.Product -->
