<?xml version="1.0" encoding="UTF-8"?>
<!-- Generated by org.testng.reporters.JUnitReportReporter -->
<testsuite hostname="Aarush" failures="0" tests="2" name="ProjectTestCases.Category" time="33.408" errors="0" timestamp="2024-04-06T16:28:01 IST" skipped="0">
  <testcase classname="ProjectTestCases.Category" name="addCategory" time="19.210"/>
  <system-out/>
  <testcase classname="ProjectTestCases.Category" name="searchCategory" time="14.198"/>
  <system-out/>
</testsuite> <!-- ProjectTestCases.Category -->
